<?xml version="1.0" encoding="UTF-8"?>
<!-- Generated by org.testng.reporters.JUnitXMLReporter -->
<testsuite hostname="GPS-0066" ignored="3" name="Test" tests="4" failures="0" timestamp="16 Feb 2018 06:59:45 GMT" time="13.344" errors="0">
  <testcase name="loginPageNavigation" time="3.75" classname="testCases.AC01_LoginSuccessTest"/>
  <testcase name="loginPageNavigation" time="2.035" classname="testCases.AC02_LoginFailureTest"/>
  <testcase name="retrievePassword" time="1.952" classname="testCases.AC03_ForgotPasswordTest"/>
  <testcase name="chooseAndUploadFile" time="1.767" classname="testCases.AC04_UploadFileTest"/>
  <testcase name="@AfterSuite cleanup" time="0.0" classname="resources.Common">
    <ignored/>
  </testcase> <!-- @AfterSuite cleanup -->
  <testcase name="@AfterSuite cleanup" time="0.0" classname="resources.Common">
    <ignored/>
  </testcase> <!-- @AfterSuite cleanup -->
  <testcase name="@AfterSuite cleanup" time="0.0" classname="resources.Common">
    <ignored/>
  </testcase> <!-- @AfterSuite cleanup -->
</testsuite> <!-- Test -->
